<?xml version="1.0" encoding="UTF-8"?>
<!-- Generated by org.testng.reporters.JUnitXMLReporter -->
<testsuite hostname="DESKTOP-VPGUUNH" failures="0" tests="4" name="Default test" time="18.06" errors="0" timestamp="28 Apr 2021 17:03:52 GMT">
  <testcase classname="com.training.patterns.TestFileDataSource" name="Verify_File_Get_Project_Dir" time="0.008"/>
  <testcase classname="com.training.patterns.TestFileDataSource" name="Veriry_FileSystems_Get_Project_Dir" time="0.002"/>
  <testcase classname="com.training.patterns.TestFileDataSource" name="Verify_Paths_Get_Project_Dir" time="0.003"/>
  <testcase classname="com.training.patterns.TestFileDataSource" name="Should_Write_File_As_Raw_String" time="18.019"/>
</testsuite> <!-- Default test -->
