<?xml version="1.0" encoding="UTF-8"?>
<!-- Generated by org.testng.reporters.JUnitXMLReporter -->
<testsuite hostname="DESKTOP-VPGUUNH" failures="0" tests="4" name="Test" time="0.027" errors="0" timestamp="28 Apr 2021 10:09:57 GMT">
  <testcase classname="com.training.patterns.TestDecorator" name="Verify_File_Get_Project_Dir" time="0.005"/>
  <testcase classname="com.training.patterns.TestDecorator" name="Verify_Paths_Get_Project_Dir" time="0.002"/>
  <testcase classname="com.training.patterns.TestDecorator" name="Veriry_FileSystems_Get_Project_Dir" time="0.0"/>
  <testcase classname="com.training.patterns.TestDecorator" name="Should_Write_File_As_Raw_String" time="0.001"/>
</testsuite> <!-- Test -->
