<?xml version="1.0" encoding="UTF-8"?>
<!-- Generated by org.testng.reporters.JUnitXMLReporter -->
<testsuite hostname="DESKTOP-VPGUUNH" name="Command line test" tests="4" failures="0" timestamp="30 Apr 2021 13:05:27 GMT" time="0.065" errors="0">
  <testcase name="Verify_File_Get_Project_Dir" time="0.001" classname="com.training.patterns.TestFileDataSource"/>
  <testcase name="Verify_Paths_Get_Project_Dir" time="0.001" classname="com.training.patterns.TestFileDataSource"/>
  <testcase name="Veriry_FileSystems_Get_Project_Dir" time="0.0" classname="com.training.patterns.TestFileDataSource"/>
  <testcase name="Should_Write_File_As_Raw_String" time="0.037" classname="com.training.patterns.TestFileDataSource"/>
</testsuite> <!-- Command line test -->
