<?xml version="1.0" encoding="UTF-8"?>
<testng-results skipped="0" failed="0" total="4" passed="4">
  <reporter-output>
  </reporter-output>
  <suite name="Command line suite" duration-ms="65" started-at="2021-04-30T13:05:27Z" finished-at="2021-04-30T13:05:27Z">
    <groups>
      <group name="a">
        <method signature="TestFileDataSource.Verify_File_Get_Project_Dir()[pri:0, instance:com.training.patterns.TestFileDataSource@366e2eef]" name="Verify_File_Get_Project_Dir" class="com.training.patterns.TestFileDataSource"/>
        <method signature="TestFileDataSource.Verify_Paths_Get_Project_Dir()[pri:0, instance:com.training.patterns.TestFileDataSource@366e2eef]" name="Verify_Paths_Get_Project_Dir" class="com.training.patterns.TestFileDataSource"/>
        <method signature="TestFileDataSource.Veriry_FileSystems_Get_Project_Dir()[pri:0, instance:com.training.patterns.TestFileDataSource@366e2eef]" name="Veriry_FileSystems_Get_Project_Dir" class="com.training.patterns.TestFileDataSource"/>
      </group> <!-- a -->
    </groups>
    <test name="Command line test" duration-ms="65" started-at="2021-04-30T13:05:27Z" finished-at="2021-04-30T13:05:27Z">
      <class name="com.training.patterns.TestFileDataSource">
        <test-method status="PASS" signature="setUp()[pri:0, instance:com.training.patterns.TestFileDataSource@366e2eef]" name="setUp" is-config="true" duration-ms="6" started-at="2021-04-30T15:05:27Z" finished-at="2021-04-30T15:05:27Z">
          <reporter-output>
          </reporter-output>
        </test-method> <!-- setUp -->
        <test-method status="PASS" signature="Verify_File_Get_Project_Dir()[pri:0, instance:com.training.patterns.TestFileDataSource@366e2eef]" name="Verify_File_Get_Project_Dir" duration-ms="1" started-at="2021-04-30T15:05:27Z" finished-at="2021-04-30T15:05:27Z">
          <reporter-output>
          </reporter-output>
        </test-method> <!-- Verify_File_Get_Project_Dir -->
        <test-method status="PASS" signature="Verify_Paths_Get_Project_Dir()[pri:0, instance:com.training.patterns.TestFileDataSource@366e2eef]" name="Verify_Paths_Get_Project_Dir" duration-ms="1" started-at="2021-04-30T15:05:27Z" finished-at="2021-04-30T15:05:27Z">
          <reporter-output>
          </reporter-output>
        </test-method> <!-- Verify_Paths_Get_Project_Dir -->
        <test-method status="PASS" signature="setUp()[pri:0, instance:com.training.patterns.TestFileDataSource@366e2eef]" name="setUp" is-config="true" duration-ms="0" started-at="2021-04-30T15:05:27Z" finished-at="2021-04-30T15:05:27Z">
          <reporter-output>
          </reporter-output>
        </test-method> <!-- setUp -->
        <test-method status="PASS" signature="setUp()[pri:0, instance:com.training.patterns.TestFileDataSource@366e2eef]" name="setUp" is-config="true" duration-ms="0" started-at="2021-04-30T15:05:27Z" finished-at="2021-04-30T15:05:27Z">
          <reporter-output>
          </reporter-output>
        </test-method> <!-- setUp -->
        <test-method status="PASS" signature="Veriry_FileSystems_Get_Project_Dir()[pri:0, instance:com.training.patterns.TestFileDataSource@366e2eef]" name="Veriry_FileSystems_Get_Project_Dir" duration-ms="0" started-at="2021-04-30T15:05:27Z" finished-at="2021-04-30T15:05:27Z">
          <reporter-output>
          </reporter-output>
        </test-method> <!-- Veriry_FileSystems_Get_Project_Dir -->
        <test-method status="PASS" signature="Should_Write_File_As_Raw_String()[pri:1, instance:com.training.patterns.TestFileDataSource@366e2eef]" name="Should_Write_File_As_Raw_String" duration-ms="37" depends-on-groups="a" started-at="2021-04-30T15:05:27Z" finished-at="2021-04-30T15:05:27Z">
          <reporter-output>
          </reporter-output>
        </test-method> <!-- Should_Write_File_As_Raw_String -->
        <test-method status="PASS" signature="setUp()[pri:0, instance:com.training.patterns.TestFileDataSource@366e2eef]" name="setUp" is-config="true" duration-ms="0" started-at="2021-04-30T15:05:27Z" finished-at="2021-04-30T15:05:27Z">
          <reporter-output>
          </reporter-output>
        </test-method> <!-- setUp -->
      </class> <!-- com.training.patterns.TestFileDataSource -->
    </test> <!-- Command line test -->
  </suite> <!-- Command line suite -->
</testng-results>
