<?xml version="1.0" encoding="UTF-8" ?>
<testsuite tests="4" failures="0" name="TestSuite" time="0.041" errors="0" skipped="0">
  <properties>
[...]
</properties>
  <testcase classname="com.training.patterns.TestFileDataSource" name="Verify_File_Get_Project_Dir" time="0.003"/>
  <testcase classname="com.training.patterns.TestFileDataSource" name="Verify_Paths_Get_Project_Dir" time="0.001"/>
  <testcase classname="com.training.patterns.TestFileDataSource" name="Veriry_FileSystems_Get_Project_Dir" time="0"/>
  <testcase classname="com.training.patterns.TestFileDataSource" name="Should_Write_File_As_Raw_String" time="0.037"/>
</testsuite>