<?xml version="1.0" encoding="UTF-8"?>
<testng-results skipped="0" failed="0" total="1" passed="1">
  <reporter-output>
  </reporter-output>
  <suite name="Default suite" duration-ms="4196" started-at="2021-04-30T13:44:47Z" finished-at="2021-04-30T13:44:51Z">
    <groups>
    </groups>
    <test name="Default test" duration-ms="4196" started-at="2021-04-30T13:44:47Z" finished-at="2021-04-30T13:44:51Z">
      <class name="com.training.restassured.Rest_Api_Tests">
        <test-method status="PASS" signature="getResponseBody()[pri:0, instance:com.training.restassured.Rest_Api_Tests@fdefd3f]" name="getResponseBody" duration-ms="4185" started-at="2021-04-30T15:44:47Z" finished-at="2021-04-30T15:44:51Z">
          <reporter-output>
          </reporter-output>
        </test-method> <!-- getResponseBody -->
      </class> <!-- com.training.restassured.Rest_Api_Tests -->
    </test> <!-- Default test -->
  </suite> <!-- Default suite -->
</testng-results>
